data/ismpI10F0l10.dat with INPUT: L10 s10. sf0. 	at	Wed Jun  7 19:58:57 2023
data/ismpI10F0l10.dat END with L10 s10. sf0.    Wed Jun  7 20:00:37 2023
data/ismpI10F0l8.dat with INPUT: L8 s10. sf0. 	at	Wed Jun  7 21:12:00 2023
data/ismpI10F0l6.dat with INPUT: L6 s10. sf0. 	at	Wed Jun  7 21:12:11 2023
data/ismpI10F0l4.dat with INPUT: L4 s10. sf0. 	at	Wed Jun  7 21:12:16 2023
data/ismpI10F0l6.dat END with L6 s10. sf0.    Wed Jun  7 21:12:17 2023
data/ismpI10F0l4.dat END with L4 s10. sf0.    Wed Jun  7 21:12:18 2023
data/ismpI10F0l8.dat END with L8 s10. sf0.    Wed Jun  7 21:12:29 2023
data/ismpI10.000F0l4.dat with INPUT: L4 s10. sf0. tl100. 	at	Thu Jun  8 09:16:38 2023
data/ismpI10.000F0l4.dat with INPUT: L4 s10. sf0. tl100. 	at	Thu Jun  8 09:18:48 2023
data/ismpI10.000F0l4.dat END with L4 s10. sf0. tl100.    Thu Jun  8 09:18:50 2023
data/ismpI10.000F0l4.dat with INPUT: L4 s10. sf0. tl100. 	at	Thu Jun  8 09:42:02 2023
data/ismpI10.000F0l4.dat END with L4 s10. sf0. tl100.    Thu Jun  8 09:42:06 2023
data/ismpI1.000F0l4.dat with INPUT: L4 s1. sf0. tl100. 	at	Thu Jun  8 10:19:08 2023
data/ismpI1.000F0l4.dat END with L4 s1. sf0. tl100.    Thu Jun  8 10:19:12 2023
data/ismpI0.100F0l4.dat with INPUT: L4 s0.1 sf0. tl100. 	at	Thu Jun  8 10:29:14 2023
data/ismpI0.100F0l4.dat END with L4 s0.1 sf0. tl100.    Thu Jun  8 10:29:14 2023
data/mpsI10.000F0l6.dat with INPUT: N6 s10 sf0. 	at	Fri Jun  9 18:50:43 2023
data/mpsI10.000F0l6.dat with INPUT: N6 s10 sf0. 	at	Fri Jun  9 18:52:48 2023
data/mpsI10.000F0l6.dat with INPUT: N6 s10 sf0. 	at	Fri Jun  9 18:54:14 2023
data/mpsI10.000F0l6.dat with INPUT: N6 s10 sf0. 	at	Fri Jun  9 18:57:27 2023
data/mpsI10.000F0l6.dat with INPUT: N6 s10 sf0. 	at	Fri Jun  9 18:57:48 2023
data/mpsI10.000F0l6.dat with INPUT: N6 s10 sf0. 	at	Fri Jun  9 18:58:10 2023
data/mpsI10.000F0l6.dat with INPUT: N6 s10 sf0. 	at	Fri Jun  9 18:59:09 2023
data/mpsI10.000F0l6.dat with INPUT: N6 s10 sf0. 	at	Fri Jun  9 19:00:28 2023
data/mpsI10.000F0l6.dat END with N6 s10 sf0.    Fri Jun  9 19:00:38 2023
data/mpsI10.000F0l6.dat with INPUT: N6 s10 sf0. 	at	Fri Jun  9 19:21:50 2023
data/mpsI10.000F0l6.dat END with N6 s10 sf0.    Fri Jun  9 19:21:59 2023
data/mpsI10.000F0l6.dat with INPUT: N6 s10 sf0. 	at	Fri Jun  9 19:22:38 2023
data/mpsI10.000F0l6.dat with INPUT: N6 s10 sf0. 	at	Fri Jun  9 19:23:20 2023
data/mpsI10.000F0l6.dat END with N6 s10 sf0.    Fri Jun  9 19:23:29 2023
data/mpsI10.000F0l6.dat with INPUT: N6 s10 sf0. 	at	Fri Jun  9 19:24:11 2023
data/mpsI10.000F0l6.dat END with N6 s10 sf0.    Fri Jun  9 19:24:20 2023
data/ismpI10.000F0l6.dat with INPUT: L6 s10. sf0. 	at	Fri Jun  9 19:33:38 2023
data/ismpI10.000F0l6.dat END with L6 s10. sf0.    Fri Jun  9 19:33:45 2023
data/ismpI10.000F0l6.dat with INPUT: L6 s10. sf0. tl5 	at	Fri Jun  9 19:34:53 2023
data/ismpI10.000F0l6.dat END with L6 s10. sf0. tl5    Fri Jun  9 19:34:55 2023
data/mpsI10.000F0l6.dat with INPUT: N6 s10 sf0. 	at	Fri Jun  9 19:37:35 2023
data/mpsI10.000F0l6.dat END with N6 s10 sf0.    Fri Jun  9 19:38:32 2023
data/mpsI10.000F0l20.dat with INPUT: N20 s10 sf0. 	at	Fri Jun  9 19:50:53 2023
data/mpsI10.000F0l20.dat END with N20 s10 sf0.    Fri Jun  9 19:53:49 2023
data/mpsI10.000F0l10.dat with INPUT: N10 s10 sf0. 	at	Fri Jun  9 21:26:59 2023
data/mpsI10.000F0l10.dat END with N10 s10 sf0.    Fri Jun  9 21:27:23 2023
data/mpsI10.000F0l10.dat with INPUT: N10 s10 sf0. 	at	Fri Jun  9 21:27:50 2023
data/mpsI10.000F0l10.dat END with N10 s10 sf0.    Fri Jun  9 21:28:14 2023
data/ismpI10.000F0l6.dat with INPUT: L6 s10. sf0. tl50 	at	Mon Jun 12 14:29:27 2023
data/ismpI10.000F0l6.dat END with L6 s10. sf0. tl50    Mon Jun 12 14:29:34 2023
data/ismpI10.000F0l6.dat with INPUT: L6 s10. sf0. tl500 	at	Mon Jun 12 14:30:06 2023
data/ismpI10.000F0l6.dat END with L6 s10. sf0. tl500    Mon Jun 12 14:30:13 2023
data/ismpI10.000F0l6.dat with INPUT: L6 s10. sf0. t5000 	at	Mon Jun 12 14:31:30 2023
data/ismpI10.000F0l6.dat END with L6 s10. sf0. t5000    Mon Jun 12 14:31:38 2023
data/ismpI10.000F0l6.dat with INPUT: L6 s10. sf0. tl5000 	at	Mon Jun 12 14:32:13 2023
data/ismpI10.000F0l6.dat END with L6 s10. sf0. tl5000    Mon Jun 12 14:32:21 2023
data/ismpI10.000F0l6.dat with INPUT: L6 s10. sf0. tl500 	at	Mon Jun 12 18:24:28 2023
data/ismpI10.000F0l6.dat END with L6 s10. sf0. tl500    Mon Jun 12 18:28:16 2023
data/mpsI10.000F0l6.dat with INPUT: N6 s10 sf0. td100. 	at	Mon Jun 12 18:56:23 2023
data/mpsI10.000F0l6.dat END with N6 s10 sf0. td100.    Mon Jun 12 19:06:40 2023
data/mpsI10.000F0l20.dat with INPUT: N20 s10 sf0. td100. 	at	Tue Jun 13 16:51:28 2023
